01/07/2019 19:26:18> Tipo advertencia (Publico): Login sem sucesso para CPF 043.630.636-02<br/>
01/07/2019 19:26:56> Tipo sucesso (Publico): Usuário 2610 logado com sucesso.<br/>
01/07/2019 19:27:19> Tipo sucesso (Interna/alterar_senha): Senha alterada com sucesso para o usuário <br/>
01/07/2019 19:28:20> Tipo sucesso (Interna): Usuário 2610 deslogado com sucesso.<br/>
01/07/2019 19:28:28> Tipo sucesso (Publico): Usuário 2610 logado com sucesso.<br/>
02/07/2019 10:43:12> Tipo sucesso (Publico): Usuário 2610 logado com sucesso.<br/>
02/07/2019 10:52:50> Tipo sucesso (Interna): Usuário 2610 deslogado com sucesso.<br/>
02/07/2019 12:07:43> Tipo sucesso (Publico): Usuário 2610 logado com sucesso.<br/>
02/07/2019 12:55:41> Tipo sucesso (Publico): Usuário 2610 logado com sucesso.<br/>
02/07/2019 17:11:49> Tipo sucesso (Publico): Usuário 2610 logado com sucesso.<br/>
03/07/2019 12:32:45> Tipo sucesso (Publico): Usuário 2610 logado com sucesso.<br/>
03/07/2019 12:34:51> Tipo sucesso (Candidaturas/create): Candidatura 2817 criado com sucesso.<br/>
03/07/2019 12:38:33> Tipo sucesso (Interna): Usuário 2610 deslogado com sucesso.<br/>
03/07/2019 12:42:17> Tipo sucesso (Publico): Usuário 2610 logado com sucesso.<br/>
03/07/2019 12:52:46> Tipo sucesso (Interna): Usuário 2610 deslogado com sucesso.<br/>
03/07/2019 12:53:21> Tipo sucesso (Publico): Usuário 2610 logado com sucesso.<br/>
03/07/2019 13:20:24> Tipo sucesso (Interna): Usuário 2610 deslogado com sucesso.<br/>
03/07/2019 13:38:56> Tipo sucesso (Publico): Usuário 2610 logado com sucesso.<br/>
03/07/2019 13:50:11> Tipo sucesso (Interna): Usuário 2610 deslogado com sucesso.<br/>
03/07/2019 13:50:43> Tipo sucesso (Publico): Usuário 2610 logado com sucesso.<br/>
03/07/2019 14:08:11> Tipo sucesso (Interna): Usuário 2610 deslogado com sucesso.<br/>
