05/07/2019 13:06:42> Tipo sucesso (Publico): Usuário 2610 logado com sucesso.<br/>
05/07/2019 13:51:22> Tipo sucesso (Interna): Usuário 2610 deslogado com sucesso.<br/>
05/07/2019 13:51:59> Tipo sucesso (Publico): Usuário 2610 logado com sucesso.<br/>
05/07/2019 14:26:38> Tipo sucesso (Interna): Usuário 2610 deslogado com sucesso.<br/>
08/07/2019 13:13:15> Tipo sucesso (Publico): Usuário 2610 logado com sucesso.<br/>
08/07/2019 16:22:20> Tipo sucesso (Publico): Usuário 2610 logado com sucesso.<br/>
08/07/2019 16:58:08> Tipo erro (GruposVagas/create): Erro de criação do grupo de vagas. Erro: Array<br/>
08/07/2019 16:58:18> Tipo erro (GruposVagas/create): Erro de criação do grupo de vagas. Erro: Array<br/>
08/07/2019 16:58:34> Tipo sucesso (GruposVagas/create): Grupo de vagas 8 criada com sucesso.<br/>
08/07/2019 16:58:40> Tipo sucesso (GruposVagas/create): Grupo de vagas 9 criada com sucesso.<br/>
08/07/2019 17:05:35> Tipo sucesso (Vagas/edit): Vaga  editada com sucesso pelo usuário 2610<br/>
08/07/2019 17:05:43> Tipo sucesso (Vagas/edit): Vaga  editada com sucesso pelo usuário 2610<br/>
08/07/2019 17:06:27> Tipo sucesso (Vagas/edit): Grupo de vagas 9 editado com sucesso pelo usuário 2610<br/>
08/07/2019 17:06:32> Tipo sucesso (Vagas/edit): Grupo de vagas 9 editado com sucesso pelo usuário 2610<br/>
08/07/2019 17:06:40> Tipo sucesso (Vagas/edit): Grupo de vagas 9 editado com sucesso pelo usuário 2610<br/>
08/07/2019 17:09:30> Tipo sucesso (GruposVagas/delete): Grupo de vagas 9 desativada pelo usuário 2610<br/>
08/07/2019 17:14:14> Tipo sucesso (GruposVagas/reactivate): Grupo de vagas 9 reaativada pelo usuário 2610<br/>
08/07/2019 17:19:33> Tipo sucesso (GruposVagas/delete): Grupo de vagas 9 desativada pelo usuário 2610<br/>
08/07/2019 17:52:31> Tipo sucesso (Interna): Usuário 2610 deslogado com sucesso.<br/>
22/07/2019 15:22:33> Tipo sucesso (Publico): Usuário 2610 logado com sucesso.<br/>
22/07/2019 15:22:39> Tipo sucesso (Interna): Usuário 2610 deslogado com sucesso.<br/>
