09/09/2019 19:18:19> Tipo sucesso (Publico): Usuário 2610 logado com sucesso.<br/>
09/09/2019 19:23:40> Tipo sucesso (Publico): Usuário 2610 logado com sucesso.<br/>
09/09/2019 19:55:07> Tipo sucesso (Interna): Usuário 2610 deslogado com sucesso.<br/>
10/09/2019 19:48:55> Tipo sucesso (Publico): Usuário 2610 logado com sucesso.<br/>
11/09/2019 13:08:18> Tipo sucesso (Publico): Usuário 2610 logado com sucesso.<br/>
11/09/2019 13:12:32> Tipo sucesso (Interna): Usuário 2610 deslogado com sucesso.<br/>
11/09/2019 13:13:53> Tipo sucesso (Publico): Usuário 2610 logado com sucesso.<br/>
11/09/2019 13:15:28> Tipo sucesso (Interna): Usuário 2610 deslogado com sucesso.<br/>
11/09/2019 13:16:48> Tipo sucesso (Publico): Usuário 2610 logado com sucesso.<br/>
11/09/2019 14:15:42> Tipo sucesso (Interna): Usuário 2610 deslogado com sucesso.<br/>
11/09/2019 16:42:21> Tipo sucesso (Publico): Usuário 2610 logado com sucesso.<br/>
11/09/2019 18:46:54> Tipo sucesso (Interna): Usuário 2610 deslogado com sucesso.<br/>
11/09/2019 19:48:14> Tipo sucesso (Publico): Usuário 2610 logado com sucesso.<br/>
11/09/2019 19:53:07> Tipo sucesso (Interna): Usuário 2610 deslogado com sucesso.<br/>
16/09/2019 17:40:45> Tipo sucesso (Publico): Usuário 2610 logado com sucesso.<br/>
16/09/2019 19:06:08> Tipo sucesso (Usuarios/delete): Usuário 2549 desativado pelo usuário 2610<br/>
16/09/2019 19:06:10> Tipo sucesso (Usuarios/delete): Usuário Interna desativado pelo usuário 2610<br/>
16/09/2019 19:06:17> Tipo sucesso (Usuarios/delete): Usuário Interna desativado pelo usuário 2610<br/>
16/09/2019 19:06:17> Tipo sucesso (Usuarios/delete): Usuário 2549 desativado pelo usuário 2610<br/>
16/09/2019 19:06:19> Tipo sucesso (Usuarios/delete): Usuário Interna desativado pelo usuário 2610<br/>
16/09/2019 19:07:50> Tipo sucesso (Usuarios/delete): Usuário 2549 desativado pelo usuário 2610<br/>
16/09/2019 19:07:50> Tipo sucesso (Usuarios/delete): Usuário Interna desativado pelo usuário 2610<br/>
16/09/2019 19:07:52> Tipo sucesso (Usuarios/delete): Usuário Interna desativado pelo usuário 2610<br/>
16/09/2019 19:08:33> Tipo sucesso (Usuarios/delete): Usuário Interna desativado pelo usuário 2610<br/>
16/09/2019 19:08:34> Tipo sucesso (Usuarios/delete): Usuário 2549 desativado pelo usuário 2610<br/>
16/09/2019 19:08:36> Tipo sucesso (Usuarios/delete): Usuário Interna desativado pelo usuário 2610<br/>
16/09/2019 19:08:54> Tipo sucesso (Usuarios/delete): Usuário Interna desativado pelo usuário 2610<br/>
16/09/2019 19:10:10> Tipo sucesso (Usuarios/delete): Usuário 2549 desativado pelo usuário 2610<br/>
16/09/2019 19:10:10> Tipo sucesso (Usuarios/delete): Usuário Interna desativado pelo usuário 2610<br/>
16/09/2019 19:10:11> Tipo sucesso (Usuarios/delete): Usuário Interna desativado pelo usuário 2610<br/>
16/09/2019 19:10:17> Tipo sucesso (Usuarios/delete): Usuário Interna desativado pelo usuário 2610<br/>
16/09/2019 19:56:48> Tipo sucesso (Interna): Usuário 2610 deslogado com sucesso.<br/>
17/09/2019 17:21:40> Tipo sucesso (Publico): Usuário 2610 logado com sucesso.<br/>
17/09/2019 17:32:49> Tipo sucesso (GruposVagas/edit): Grupo de vagas 5 editado com sucesso pelo usuário 2610<br/>
17/09/2019 19:35:22> Tipo sucesso (Publico): Usuário 2610 logado com sucesso.<br/>
18/09/2019 11:56:34> Tipo sucesso (Publico): Usuário 2610 logado com sucesso.<br/>
18/09/2019 12:52:30> Tipo sucesso (Publico): Usuário 2610 logado com sucesso.<br/>
18/09/2019 18:46:12> Tipo sucesso (Publico): Usuário 2610 logado com sucesso.<br/>
18/09/2019 19:01:58> Tipo sucesso (Interna): Usuário 2610 deslogado com sucesso.<br/>
18/09/2019 19:02:05> Tipo sucesso (Publico): Usuário 2610 logado com sucesso.<br/>
18/09/2019 19:02:36> Tipo sucesso (Interna): Usuário 2610 deslogado com sucesso.<br/>
19/09/2019 12:01:21> Tipo sucesso (Publico): Usuário 2610 logado com sucesso.<br/>
19/09/2019 12:23:39> Tipo seguranca (Usuarios/create): Tentativa de acesso por perfil inadequado, usuário 2610<br/>
19/09/2019 12:24:18> Tipo seguranca (Usuarios/create): Tentativa de acesso por perfil inadequado, usuário 2610<br/>
19/09/2019 12:24:35> Tipo seguranca (Usuarios/create): Tentativa de acesso por perfil inadequado, usuário 2610<br/>
19/09/2019 12:58:56> Tipo sucesso (Interna): Usuário 2610 deslogado com sucesso.<br/>
19/09/2019 14:35:16> Tipo advertencia (Publico): Login sem sucesso para CPF 034.810.116-36<br/>
19/09/2019 16:50:49> Tipo erro (Candidatos/cadastro): Erro de envio de e-mail com senha de cadastro para o e-mail romao2000@gmail.com do candidato 2774.<br/>
19/09/2019 16:50:50> Tipo sucesso (Candidatos/cadastro): Candidato 2774 criado e associado ao usuário 2672 criado com sucesso.<br/>
19/09/2019 17:30:23> Tipo sucesso (Publico): Usuário 29 logado com sucesso.<br/>
19/09/2019 17:37:27> Tipo sucesso (Publico): Usuário 108 logado com sucesso.<br/>
19/09/2019 17:46:35> Tipo sucesso (Interna): Usuário 108 deslogado com sucesso.<br/>
19/09/2019 17:47:01> Tipo sucesso (Publico): Usuário 29 logado com sucesso.<br/>
19/09/2019 17:50:50> Tipo sucesso (Interna): Usuário 29 deslogado com sucesso.<br/>
19/09/2019 17:51:12> Tipo sucesso (Publico): Usuário 104 logado com sucesso.<br/>
19/09/2019 18:04:08> Tipo sucesso (Interna): Usuário 104 deslogado com sucesso.<br/>
19/09/2019 18:04:16> Tipo sucesso (Publico): Usuário 29 logado com sucesso.<br/>
19/09/2019 19:01:07> Tipo sucesso (Publico): Usuário 1 logado com sucesso.<br/>
19/09/2019 19:02:06> Tipo sucesso (Interna): Usuário 1 deslogado com sucesso.<br/>
19/09/2019 19:02:29> Tipo sucesso (Publico): Usuário 107 logado com sucesso.<br/>
19/09/2019 19:25:19> Tipo sucesso (Interna): Usuário 107 deslogado com sucesso.<br/>
19/09/2019 19:25:52> Tipo sucesso (Publico): Usuário 29 logado com sucesso.<br/>
19/09/2019 19:26:07> Tipo sucesso (Interna): Usuário 29 deslogado com sucesso.<br/>
19/09/2019 19:26:55> Tipo sucesso (Publico): Usuário 105 logado com sucesso.<br/>
19/09/2019 19:27:01> Tipo sucesso (Interna): Usuário 105 deslogado com sucesso.<br/>
19/09/2019 19:27:46> Tipo sucesso (Publico): Usuário 29 logado com sucesso.<br/>
19/09/2019 19:27:55> Tipo sucesso (Interna): Usuário 29 deslogado com sucesso.<br/>
19/09/2019 19:28:16> Tipo sucesso (Publico): Usuário 107 logado com sucesso.<br/>
19/09/2019 19:28:38> Tipo sucesso (Interna): Usuário 107 deslogado com sucesso.<br/>
19/09/2019 19:28:58> Tipo sucesso (Publico): Usuário 29 logado com sucesso.<br/>
19/09/2019 19:36:05> Tipo sucesso (Interna): Usuário 29 deslogado com sucesso.<br/>
19/09/2019 19:36:24> Tipo sucesso (Publico): Usuário 107 logado com sucesso.<br/>
19/09/2019 19:56:18> Tipo sucesso (Interna): Usuário 107 deslogado com sucesso.<br/>
19/09/2019 19:56:36> Tipo sucesso (Publico): Usuário 29 logado com sucesso.<br/>
19/09/2019 20:03:37> Tipo sucesso (Interna): Usuário 29 deslogado com sucesso.<br/>
20/09/2019 13:43:34> Tipo sucesso (Publico): Usuário 29 logado com sucesso.<br/>
20/09/2019 14:10:15> Tipo sucesso (Interna): Usuário 29 deslogado com sucesso.<br/>
24/09/2019 19:44:07> Tipo sucesso (Publico): Usuário 29 logado com sucesso.<br/>
27/09/2019 13:43:46> Tipo erro (Candidatos/cadastro): Erro de envio de e-mail com senha de cadastro para o e-mail romao2000@gmail.com do candidato 2775.<br/>
27/09/2019 13:43:47> Tipo sucesso (Candidatos/cadastro): Candidato 2775 criado e associado ao usuário 2672 criado com sucesso.<br/>
27/09/2019 13:55:49> Tipo sucesso (Publico): Usuário 2672 logado com sucesso.<br/>
27/09/2019 13:55:56> Tipo sucesso (Interna): Usuário 2672 deslogado com sucesso.<br/>
27/09/2019 13:56:37> Tipo sucesso (Publico): Usuário 2672 logado com sucesso.<br/>
27/09/2019 13:58:04> Tipo sucesso (Interna): Usuário 2672 deslogado com sucesso.<br/>
27/09/2019 13:58:56> Tipo sucesso (Publico): Usuário 29 logado com sucesso.<br/>
27/09/2019 14:01:14> Tipo sucesso (Vagas/create): Vaga 66 criada com sucesso.<br/>
27/09/2019 14:02:25> Tipo sucesso (Interna): Usuário 29 deslogado com sucesso.<br/>
27/09/2019 14:02:36> Tipo sucesso (Publico): Usuário 2672 logado com sucesso.<br/>
27/09/2019 14:12:24> Tipo sucesso (Candidaturas/create): Candidatura 2818 criado com sucesso.<br/>
27/09/2019 14:12:25> Tipo seguranca (Candidaturas/Prova): Tentativa de preenchimento de prova da 2818 fora do prazo.<br/>
27/09/2019 14:12:34> Tipo seguranca (Candidaturas/Prova): Tentativa de preenchimento de prova da 2818 fora do prazo.<br/>
27/09/2019 14:12:39> Tipo seguranca (Candidaturas/Prova): Tentativa de preenchimento de prova da 2818 fora do prazo.<br/>
27/09/2019 16:41:19> Tipo sucesso (Publico): Usuário 29 logado com sucesso.<br/>
27/09/2019 16:41:46> Tipo sucesso (GruposVagas/reactivate): Grupo de vagas 9 reativado pelo usuário 29<br/>
27/09/2019 16:41:46> Tipo sucesso (GruposVagas/reactivate): Grupo de vagas Interna reativado pelo usuário 29<br/>
30/09/2019 13:49:17> Tipo sucesso (Publico): Usuário 29 logado com sucesso.<br/>
30/09/2019 19:11:59> Tipo sucesso (Publico): Usuário 29 logado com sucesso.<br/>
